<?xml version="1.0" encoding="UTF-8"?>
<!-- Generated by org.testng.reporters.JUnitReportReporter -->
<testsuite hostname="Arhaa" failures="0" tests="2" name="Selenium.Standalone" time="17.610" errors="0" timestamp="29 Nov 2024 14:11:05 GMT" skipped="0">
  <testcase classname="Selenium.Standalone" name="submitOrder" time="10.389"/>
  <testcase classname="Selenium.Standalone" name="submitOrder" time="7.221"/>
</testsuite> <!-- Selenium.Standalone -->
