<?xml version="1.0" encoding="UTF-8"?>
<!-- Generated by org.testng.reporters.JUnitReportReporter -->
<testsuite hostname="Arhaa" failures="0" tests="1" name="cucumber.TestRunnerTestNg" time="10.026" errors="0" timestamp="21 Jan 2025 17:13:50 GMT" skipped="0">
  <testcase classname="cucumber.TestRunnerTestNg" name="runScenario" time="10.026"/>
</testsuite> <!-- cucumber.TestRunnerTestNg -->
